<?xml version="1.0" encoding="utf-8" standalone="no"?>
<test-results xmlns:xsi="http://www.w3.org/2001/XMLSchema-instance" xsi:noNamespaceSchemaLocation="nunit_schema_2.5.xsd" name="Pester" total="7" errors="0" failures="0" not-run="0" inconclusive="0" ignored="0" skipped="0" invalid="0" date="2026-09-03" time="17:59:06">
  <environment clr-version="8.0.10" machine-name="cursor" platform="Linux" cwd="/workspace" user-domain="" os-version="6.12.94+" user="ubuntu" nunit-version="2.5.8.0" />
  <culture-info current-culture="en-US" current-uiculture="en-US" />
  <test-suite type="TestFixture" name="Pester" executed="True" result="Success" success="True" time="0.9513" asserts="0" description="Pester">
    <results>
      <test-suite type="TestFixture" name="/workspace/tests/PresetResolution.Tests.ps1" executed="True" result="Success" success="True" time="0.9513" asserts="0" description="/workspace/tests/PresetResolution.Tests.ps1">
        <results>
          <test-suite type="TestFixture" name="Preset resolution" executed="True" result="Success" success="True" time="0.1671" asserts="0" description="Preset resolution">
            <results>
              <test-case description="resolves preset aliases to the same policies" name="Preset resolution.resolves preset aliases to the same policies" time="0.0986" asserts="0" success="True" result="Success" executed="True" />
              <test-case description="rejects unknown presets clearly" name="Preset resolution.rejects unknown presets clearly" time="0.0213" asserts="0" success="True" result="Success" executed="True" />
              <test-case description="rejects preset cycles" name="Preset resolution.rejects preset cycles" time="0.006" asserts="0" success="True" result="Success" executed="True" />
            </results>
          </test-suite>
          <test-suite type="TestFixture" name="Brave process detection" executed="True" result="Success" success="True" time="0.3405" asserts="0" description="Brave process detection">
            <results>
              <test-case description="detects the macOS process name as well as brave" name="Brave process detection.detects the macOS process name as well as brave" time="0.159" asserts="0" success="True" result="Success" executed="True" />
              <test-case description="reports not running when no Brave process exists" name="Brave process detection.reports not running when no Brave process exists" time="0.0116" asserts="0" success="True" result="Success" executed="True" />
            </results>
          </test-suite>
          <test-suite type="TestFixture" name="Restore safety" executed="True" result="Success" success="True" time="0.4348" asserts="0" description="Restore safety">
            <results>
              <test-case description="refuses to restore profile files while Brave is running" name="Restore safety.refuses to restore profile files while Brave is running" time="0.0836" asserts="0" success="True" result="Success" executed="True" />
            </results>
          </test-suite>
          <test-suite type="TestFixture" name="Backup retention" executed="True" result="Success" success="True" time="0.6408" asserts="0" description="Backup retention">
            <results>
              <test-case description="keeps deleting backups after one removal fails" name="Backup retention.keeps deleting backups after one removal fails" time="0.2019" asserts="0" success="True" result="Success" executed="True" />
            </results>
          </test-suite>
        </results>
      </test-suite>
    </results>
  </test-suite>
</test-results>